# JRE version: OpenJDK Runtime Environment Corretto-19.0.2.7.1 (19.0.2+7) (build 19.0.2+7-FR)
# Java VM: OpenJDK 64-Bit Server VM Corretto-19.0.2.7.1 (19.0.2+7-FR, mixed mode, sharing, tiered, compressed oops, compressed class ptrs, g1 gc, windows-amd64)
GC Precious Log:
 CardTable entry size: 512
 Card Set container configuration: InlinePtr #cards 4 size 8 Array Of Cards #cards 16 size 48 Howl #buckets 8 coarsen threshold 3686 Howl Bitmap #cards 512 size 80 coarsen threshold 460 Card regions per heap region 1 cards per card region 4096
 CPUs: 8 total, 8 available
 Memory: 12093M
 Large Page Support: Disabled
 NUMA Support: Disabled
 Compressed Oops: Enabled (Zero based)
 Heap Region Size: 2M
 Heap Min Capacity: 8M
 Heap Initial Capacity: 190M
 Heap Max Capacity: 3024M
 Pre-touch: Disabled
 Parallel Workers: 8
 Concurrent Workers: 2
 Concurrent Refinement Workers: 8
 Periodic GC: Disabled
Heap:
 garbage-first heap   total 102400K, used 47830K [0x0000000743000000, 0x0000000800000000)
  region size 2048K, 2 young (4096K), 1 survivors (2048K)
 Metaspace       used 84542K, committed 85632K, reserved 1179648K
  class space    used 10705K, committed 11264K, reserved 1048576K
GC Heap History (20 events):
Event: 41814.915 GC heap before
{Heap before GC invocations=25 (full 0):
 garbage-first heap   total 102400K, used 79811K [0x0000000743000000, 0x0000000800000000)
  region size 2048K, 16 young (32768K), 1 survivors (2048K)
 Metaspace       used 83013K, committed 83904K, reserved 1179648K
  class space    used 10837K, committed 11264K, reserved 1048576K
}
Event: 41814.971 GC heap after
{Heap after GC invocations=26 (full 0):
 garbage-first heap   total 102400K, used 52681K [0x0000000743000000, 0x0000000800000000)
  region size 2048K, 2 young (4096K), 2 survivors (4096K)
 Metaspace       used 83013K, committed 83904K, reserved 1179648K
  class space    used 10837K, committed 11264K, reserved 1048576K
}
Event: 116352.765 GC heap before
{Heap before GC invocations=26 (full 0):
 garbage-first heap   total 102400K, used 81353K [0x0000000743000000, 0x0000000800000000)
  region size 2048K, 16 young (32768K), 2 survivors (4096K)
 Metaspace       used 83807K, committed 84736K, reserved 1179648K
  class space    used 10839K, committed 11264K, reserved 1048576K
}
Event: 116352.803 GC heap after
{Heap after GC invocations=27 (full 0):
 garbage-first heap   total 102400K, used 53802K [0x0000000743000000, 0x0000000800000000)
  region size 2048K, 1 young (2048K), 1 survivors (2048K)
 Metaspace       used 83807K, committed 84736K, reserved 1179648K
  class space    used 10839K, committed 11264K, reserved 1048576K
}
Event: 121138.298 GC heap before
{Heap before GC invocations=27 (full 0):
 garbage-first heap   total 102400K, used 80426K [0x0000000743000000, 0x0000000800000000)
  region size 2048K, 14 young (28672K), 1 survivors (2048K)
 Metaspace       used 84399K, committed 85312K, reserved 1179648K
  class space    used 10841K, committed 11264K, reserved 1048576K
}
Event: 121138.343 GC heap after
{Heap after GC invocations=28 (full 0):
 garbage-first heap   total 102400K, used 54074K [0x0000000743000000, 0x0000000800000000)
  region size 2048K, 1 young (2048K), 1 survivors (2048K)
 Metaspace       used 84399K, committed 85312K, reserved 1179648K
  class space    used 10841K, committed 11264K, reserved 1048576K
}
Event: 126170.061 GC heap before
{Heap before GC invocations=29 (full 0):
 garbage-first heap   total 102400K, used 82746K [0x0000000743000000, 0x0000000800000000)
  region size 2048K, 15 young (30720K), 1 survivors (2048K)
 Metaspace       used 84136K, committed 85376K, reserved 1179648K
  class space    used 10704K, committed 11264K, reserved 1048576K
}
Event: 126170.070 GC heap after
{Heap after GC invocations=30 (full 0):
 garbage-first heap   total 102400K, used 54124K [0x0000000743000000, 0x0000000800000000)
  region size 2048K, 1 young (2048K), 1 survivors (2048K)
 Metaspace       used 84136K, committed 85376K, reserved 1179648K
  class space    used 10704K, committed 11264K, reserved 1048576K
}
Event: 126680.487 GC heap before
{Heap before GC invocations=30 (full 0):
 garbage-first heap   total 102400K, used 56172K [0x0000000743000000, 0x0000000800000000)
  region size 2048K, 2 young (4096K), 1 survivors (2048K)
 Metaspace       used 84137K, committed 85376K, reserved 1179648K
  class space    used 10704K, committed 11264K, reserved 1048576K
}
Event: 126680.553 GC heap after
{Heap after GC invocations=31 (full 0):
 garbage-first heap   total 102400K, used 48009K [0x0000000743000000, 0x0000000800000000)
  region size 2048K, 1 young (2048K), 1 survivors (2048K)
 Metaspace       used 84137K, committed 85376K, reserved 1179648K
  class space    used 10704K, committed 11264K, reserved 1048576K
}
Event: 127054.832 GC heap before
{Heap before GC invocations=31 (full 0):
 garbage-first heap   total 102400K, used 50057K [0x0000000743000000, 0x0000000800000000)
  region size 2048K, 2 young (4096K), 1 survivors (2048K)
 Metaspace       used 84152K, committed 85376K, reserved 1179648K
  class space    used 10705K, committed 11264K, reserved 1048576K
}
Event: 127054.841 GC heap after
{Heap after GC invocations=32 (full 0):
 garbage-first heap   total 102400K, used 47295K [0x0000000743000000, 0x0000000800000000)
  region size 2048K, 1 young (2048K), 1 survivors (2048K)
 Metaspace       used 84152K, committed 85376K, reserved 1179648K
  class space    used 10705K, committed 11264K, reserved 1048576K
}
Event: 185598.573 GC heap before
{Heap before GC invocations=32 (full 0):
 garbage-first heap   total 102400K, used 80063K [0x0000000743000000, 0x0000000800000000)
  region size 2048K, 18 young (36864K), 1 survivors (2048K)
 Metaspace       used 84295K, committed 85504K, reserved 1179648K
  class space    used 10706K, committed 11264K, reserved 1048576K
}
Event: 185598.771 GC heap after
{Heap after GC invocations=33 (full 0):
 garbage-first heap   total 102400K, used 48471K [0x0000000743000000, 0x0000000800000000)
  region size 2048K, 1 young (2048K), 1 survivors (2048K)
 Metaspace       used 84295K, committed 85504K, reserved 1179648K
  class space    used 10706K, committed 11264K, reserved 1048576K
}
Event: 191870.442 GC heap before
{Heap before GC invocations=34 (full 0):
 garbage-first heap   total 102400K, used 81239K [0x0000000743000000, 0x0000000800000000)
  region size 2048K, 18 young (36864K), 1 survivors (2048K)
 Metaspace       used 84421K, committed 85568K, reserved 1179648K
  class space    used 10703K, committed 11264K, reserved 1048576K
}
Event: 191870.456 GC heap after
{Heap after GC invocations=35 (full 0):
 garbage-first heap   total 102400K, used 48627K [0x0000000743000000, 0x0000000800000000)
  region size 2048K, 1 young (2048K), 1 survivors (2048K)
 Metaspace       used 84421K, committed 85568K, reserved 1179648K
  class space    used 10703K, committed 11264K, reserved 1048576K
}
Event: 192150.159 GC heap before
{Heap before GC invocations=35 (full 0):
 garbage-first heap   total 102400K, used 50675K [0x0000000743000000, 0x0000000800000000)
  region size 2048K, 2 young (4096K), 1 survivors (2048K)
 Metaspace       used 84429K, committed 85568K, reserved 1179648K
  class space    used 10703K, committed 11264K, reserved 1048576K
}
Event: 192150.200 GC heap after
{Heap after GC invocations=36 (full 0):
 garbage-first heap   total 102400K, used 46697K [0x0000000743000000, 0x0000000800000000)
  region size 2048K, 1 young (2048K), 1 survivors (2048K)
 Metaspace       used 84429K, committed 85568K, reserved 1179648K
  class space    used 10703K, committed 11264K, reserved 1048576K
}
Event: 197991.640 GC heap before
{Heap before GC invocations=36 (full 0):
 garbage-first heap   total 102400K, used 79465K [0x0000000743000000, 0x0000000800000000)
  region size 2048K, 18 young (36864K), 1 survivors (2048K)
 Metaspace       used 84533K, committed 85632K, reserved 1179648K
  class space    used 10705K, committed 11264K, reserved 1048576K
}
Event: 197991.703 GC heap after
{Heap after GC invocations=37 (full 0):
 garbage-first heap   total 102400K, used 47830K [0x0000000743000000, 0x0000000800000000)
  region size 2048K, 1 young (2048K), 1 survivors (2048K)
 Metaspace       used 84533K, committed 85632K, reserved 1179648K
  class space    used 10705K, committed 11264K, reserved 1048576K
}

